<?xml version="1.0" encoding="UTF-8"?>
<!-- Generated by org.testng.reporters.JUnitXMLReporter -->
<testsuite hostname="TYSS-MF-034" ignored="2" name="Demo_Test" tests="2" failures="1" timestamp="02 Mar 2018 13:36:06 GMT" time="82.412" errors="0">
  <testcase name="testAddNewCase" time="19.182" classname="in.docsapp.tests.AddNewCaseTest"/>
  <testcase name="testAssignCase" time="40.293" classname="in.docsapp.tests.AssignCaseTest">
    <failure type="java.lang.NullPointerException">
      <![CDATA[java.lang.NullPointerException
	at org.openqa.selenium.support.pagefactory.DefaultElementLocator.findElement(DefaultElementLocator.java:69)
	at org.openqa.selenium.support.pagefactory.internal.LocatingElementHandler.invoke(LocatingElementHandler.java:38)
	at com.sun.proxy.$Proxy9.sendKeys(Unknown Source)
	at in.docsapp.generics.GenericMethods.type(GenericMethods.java:103)
	at in.docsapp.workflow.GenericServices.searchAppID(GenericServices.java:133)
	at in.docsapp.workflow.GenericServices.assignDoctor(GenericServices.java:140)
	at in.docsapp.tests.AssignCaseTest.testAssignCase(AssignCaseTest.java:21)
... Removed 25 stack frames]]>
    </failure>
  </testcase> <!-- testAssignCase -->
  <testcase name="@BeforeTest launchApplication" time="0.0" classname="in.docsapp.generics.BaseTest">
    <ignored/>
  </testcase> <!-- @BeforeTest launchApplication -->
  <testcase name="@AfterTest exitApplication" time="0.0" classname="in.docsapp.generics.BaseTest">
    <ignored/>
  </testcase> <!-- @AfterTest exitApplication -->
</testsuite> <!-- Demo_Test -->
