<?xml version="1.0" encoding="UTF-8"?>
<testng-results skipped="0" failed="0" ignored="0" total="1" passed="1">
  <reporter-output>
  </reporter-output>
  <suite name="Default suite" duration-ms="111971" started-at="2018-03-03T19:35:42Z" finished-at="2018-03-03T19:37:34Z">
    <groups>
    </groups>
    <test name="Default test" duration-ms="111971" started-at="2018-03-03T19:35:42Z" finished-at="2018-03-03T19:37:34Z">
      <class name="in.docsapp.tests.Case_01_Test">
        <test-method status="PASS" signature="launchApplication()[pri:0, instance:in.docsapp.tests.Case_01_Test@653222]" name="launchApplication" is-config="true" duration-ms="23296" started-at="2018-03-04T01:05:42Z" finished-at="2018-03-04T01:06:05Z">
          <reporter-output>
          </reporter-output>
        </test-method> <!-- launchApplication -->
        <test-method status="PASS" signature="testVerifyCaseAsOps()[pri:0, instance:in.docsapp.tests.Case_01_Test@653222]" name="testVerifyCaseAsOps" duration-ms="88647" started-at="2018-03-04T01:06:05Z" finished-at="2018-03-04T01:07:34Z">
          <reporter-output>
          </reporter-output>
        </test-method> <!-- testVerifyCaseAsOps -->
        <test-method status="PASS" signature="exitApplication()[pri:0, instance:in.docsapp.tests.Case_01_Test@653222]" name="exitApplication" is-config="true" duration-ms="1" started-at="2018-03-04T01:07:34Z" finished-at="2018-03-04T01:07:34Z">
          <reporter-output>
          </reporter-output>
        </test-method> <!-- exitApplication -->
      </class> <!-- in.docsapp.tests.Case_01_Test -->
    </test> <!-- Default test -->
  </suite> <!-- Default suite -->
</testng-results>
