<?xml version="1.0" encoding="UTF-8"?>
<testng-results skipped="0" failed="1" ignored="2" total="4" passed="1">
  <reporter-output>
  </reporter-output>
  <suite name="Demo_Suite" duration-ms="82412" started-at="2018-03-02T13:34:44Z" finished-at="2018-03-02T13:36:06Z">
    <groups>
    </groups>
    <test name="Demo_Test" duration-ms="82412" started-at="2018-03-02T13:34:44Z" finished-at="2018-03-02T13:36:06Z">
      <class name="in.docsapp.tests.AddNewCaseTest">
        <test-method status="PASS" signature="launchApplication()[pri:0, instance:in.docsapp.tests.AddNewCaseTest@47c62251]" name="launchApplication" is-config="true" duration-ms="22899" started-at="2018-03-02T19:04:44Z" finished-at="2018-03-02T19:05:07Z">
          <reporter-output>
          </reporter-output>
        </test-method> <!-- launchApplication -->
        <test-method status="PASS" signature="testAddNewCase()[pri:0, instance:in.docsapp.tests.AddNewCaseTest@47c62251]" name="testAddNewCase" duration-ms="19182" started-at="2018-03-02T19:05:07Z" finished-at="2018-03-02T19:05:26Z">
          <reporter-output>
          </reporter-output>
        </test-method> <!-- testAddNewCase -->
        <test-method status="PASS" signature="exitApplication()[pri:0, instance:in.docsapp.tests.AddNewCaseTest@47c62251]" name="exitApplication" is-config="true" duration-ms="0" started-at="2018-03-02T19:06:06Z" finished-at="2018-03-02T19:06:06Z">
          <reporter-output>
          </reporter-output>
        </test-method> <!-- exitApplication -->
      </class> <!-- in.docsapp.tests.AddNewCaseTest -->
      <class name="in.docsapp.tests.AssignCaseTest">
        <test-method status="FAIL" signature="testAssignCase()[pri:0, instance:in.docsapp.tests.AssignCaseTest@3e6fa38a]" name="testAssignCase" duration-ms="40293" started-at="2018-03-02T19:05:26Z" finished-at="2018-03-02T19:06:06Z">
          <exception class="java.lang.NullPointerException">
            <full-stacktrace>
              <![CDATA[java.lang.NullPointerException
	at org.openqa.selenium.support.pagefactory.DefaultElementLocator.findElement(DefaultElementLocator.java:69)
	at org.openqa.selenium.support.pagefactory.internal.LocatingElementHandler.invoke(LocatingElementHandler.java:38)
	at com.sun.proxy.$Proxy9.sendKeys(Unknown Source)
	at in.docsapp.generics.GenericMethods.type(GenericMethods.java:103)
	at in.docsapp.workflow.GenericServices.searchAppID(GenericServices.java:133)
	at in.docsapp.workflow.GenericServices.assignDoctor(GenericServices.java:140)
	at in.docsapp.tests.AssignCaseTest.testAssignCase(AssignCaseTest.java:21)
	at sun.reflect.NativeMethodAccessorImpl.invoke0(Native Method)
	at sun.reflect.NativeMethodAccessorImpl.invoke(NativeMethodAccessorImpl.java:62)
	at sun.reflect.DelegatingMethodAccessorImpl.invoke(DelegatingMethodAccessorImpl.java:43)
	at java.lang.reflect.Method.invoke(Method.java:497)
	at org.testng.internal.MethodInvocationHelper.invokeMethod(MethodInvocationHelper.java:108)
	at org.testng.internal.Invoker.invokeMethod(Invoker.java:661)
	at org.testng.internal.Invoker.invokeTestMethod(Invoker.java:869)
	at org.testng.internal.Invoker.invokeTestMethods(Invoker.java:1193)
	at org.testng.internal.TestMethodWorker.invokeTestMethods(TestMethodWorker.java:126)
	at org.testng.internal.TestMethodWorker.run(TestMethodWorker.java:109)
	at org.testng.TestRunner.privateRun(TestRunner.java:744)
	at org.testng.TestRunner.run(TestRunner.java:602)
	at org.testng.SuiteRunner.runTest(SuiteRunner.java:380)
	at org.testng.SuiteRunner.runSequentially(SuiteRunner.java:375)
	at org.testng.SuiteRunner.privateRun(SuiteRunner.java:340)
	at org.testng.SuiteRunner.run(SuiteRunner.java:289)
	at org.testng.SuiteRunnerWorker.runSuite(SuiteRunnerWorker.java:52)
	at org.testng.SuiteRunnerWorker.run(SuiteRunnerWorker.java:86)
	at org.testng.TestNG.runSuitesSequentially(TestNG.java:1301)
	at org.testng.TestNG.runSuitesLocally(TestNG.java:1226)
	at org.testng.TestNG.runSuites(TestNG.java:1144)
	at org.testng.TestNG.run(TestNG.java:1115)
	at org.testng.remote.AbstractRemoteTestNG.run(AbstractRemoteTestNG.java:114)
	at org.testng.remote.RemoteTestNG.initAndRun(RemoteTestNG.java:251)
	at org.testng.remote.RemoteTestNG.main(RemoteTestNG.java:77)
]]>
            </full-stacktrace>
          </exception> <!-- java.lang.NullPointerException -->
          <reporter-output>
          </reporter-output>
        </test-method> <!-- testAssignCase -->
      </class> <!-- in.docsapp.tests.AssignCaseTest -->
    </test> <!-- Demo_Test -->
  </suite> <!-- Demo_Suite -->
</testng-results>
