<?xml version="1.0" encoding="UTF-8"?>
<testng-results skipped="0" failed="1" ignored="0" total="1" passed="0">
  <reporter-output>
  </reporter-output>
  <suite name="Demo_Suite" duration-ms="49215" started-at="2018-03-05T15:40:36Z" finished-at="2018-03-05T15:41:25Z">
    <groups>
    </groups>
    <test name="Demo_Test" duration-ms="49215" started-at="2018-03-05T15:40:36Z" finished-at="2018-03-05T15:41:25Z">
      <class name="in.docsapp.tests.MaxLifeCaseTest">
        <test-method status="PASS" signature="CreateExtentReport()[pri:0, instance:in.docsapp.tests.MaxLifeCaseTest@5442a311]" name="CreateExtentReport" is-config="true" duration-ms="19" started-at="2018-03-05T21:10:36Z" finished-at="2018-03-05T21:10:36Z">
          <reporter-output>
          </reporter-output>
        </test-method> <!-- CreateExtentReport -->
        <test-method status="PASS" signature="launchApplication()[pri:0, instance:in.docsapp.tests.MaxLifeCaseTest@5442a311]" name="launchApplication" is-config="true" duration-ms="15472" started-at="2018-03-05T21:10:36Z" finished-at="2018-03-05T21:10:51Z">
          <reporter-output>
          </reporter-output>
        </test-method> <!-- launchApplication -->
        <test-method status="PASS" signature="getTestDetails(java.lang.reflect.Method)[pri:0, instance:in.docsapp.tests.MaxLifeCaseTest@5442a311]" name="getTestDetails" is-config="true" duration-ms="4" started-at="2018-03-05T21:10:51Z" finished-at="2018-03-05T21:10:51Z">
          <params>
            <param index="0">
              <value>
                <![CDATA[public void in.docsapp.tests.MaxLifeCaseTest.createDiagnoseVerifyMaxLifeCase()]]>
              </value>
            </param>
          </params>
          <reporter-output>
          </reporter-output>
        </test-method> <!-- getTestDetails -->
        <test-method status="FAIL" signature="createDiagnoseVerifyMaxLifeCase()[pri:0, instance:in.docsapp.tests.MaxLifeCaseTest@5442a311]" name="createDiagnoseVerifyMaxLifeCase" duration-ms="33420" started-at="2018-03-05T21:10:51Z" finished-at="2018-03-05T21:11:25Z">
          <exception class="org.openqa.selenium.TimeoutException">
            <message>
              <![CDATA[Expected condition failed: waiting for invisibility of [[ChromeDriver: chrome on XP (3f38c25cc8a7c7f7de33266e7dd9efcd)] -> id: submit_btn] (tried for 10 second(s) with 500 MILLISECONDS interval)
Build info: version: '3.7.1', revision: '8a0099a', time: '2017-11-06T21:01:39.354Z'
System info: host: 'TYSS-MF-034', ip: '10.10.14.100', os.name: 'Windows 10', os.arch: 'amd64', os.version: '10.0', java.version: '1.8.0_60'
Driver info: org.openqa.selenium.support.events.EventFiringWebDriver
Capabilities {acceptInsecureCerts: false, acceptSslCerts: false, applicationCacheEnabled: false, browserConnectionEnabled: false, browserName: chrome, chrome: {chromedriverVersion: 2.36.540470 (e522d04694c7eb..., userDataDir: C:\Users\AUTOMA~1\AppData\L...}, cssSelectorsEnabled: true, databaseEnabled: false, handlesAlerts: true, hasTouchScreen: false, javascriptEnabled: true, locationContextEnabled: true, mobileEmulationEnabled: false, nativeEvents: true, networkConnectionEnabled: false, pageLoadStrategy: normal, platform: XP, platformName: XP, rotatable: false, setWindowRect: true, takesHeapSnapshot: true, takesScreenshot: true, unexpectedAlertBehaviour: , unhandledPromptBehavior: , version: 64.0.3282.186, webStorageEnabled: true}
Session ID: 3f38c25cc8a7c7f7de33266e7dd9efcd]]>
            </message>
            <full-stacktrace>
              <![CDATA[org.openqa.selenium.TimeoutException: Expected condition failed: waiting for invisibility of [[ChromeDriver: chrome on XP (3f38c25cc8a7c7f7de33266e7dd9efcd)] -> id: submit_btn] (tried for 10 second(s) with 500 MILLISECONDS interval)
Build info: version: '3.7.1', revision: '8a0099a', time: '2017-11-06T21:01:39.354Z'
System info: host: 'TYSS-MF-034', ip: '10.10.14.100', os.name: 'Windows 10', os.arch: 'amd64', os.version: '10.0', java.version: '1.8.0_60'
Driver info: org.openqa.selenium.support.events.EventFiringWebDriver
Capabilities {acceptInsecureCerts: false, acceptSslCerts: false, applicationCacheEnabled: false, browserConnectionEnabled: false, browserName: chrome, chrome: {chromedriverVersion: 2.36.540470 (e522d04694c7eb..., userDataDir: C:\Users\AUTOMA~1\AppData\L...}, cssSelectorsEnabled: true, databaseEnabled: false, handlesAlerts: true, hasTouchScreen: false, javascriptEnabled: true, locationContextEnabled: true, mobileEmulationEnabled: false, nativeEvents: true, networkConnectionEnabled: false, pageLoadStrategy: normal, platform: XP, platformName: XP, rotatable: false, setWindowRect: true, takesHeapSnapshot: true, takesScreenshot: true, unexpectedAlertBehaviour: , unhandledPromptBehavior: , version: 64.0.3282.186, webStorageEnabled: true}
Session ID: 3f38c25cc8a7c7f7de33266e7dd9efcd
	at org.openqa.selenium.support.ui.WebDriverWait.timeoutException(WebDriverWait.java:82)
	at org.openqa.selenium.support.ui.FluentWait.until(FluentWait.java:231)
	at in.docsapp.generics.Wait.waitForElementInvisibility(Wait.java:58)
	at in.docsapp.generics.Assertion.elementNotDisplayed(Assertion.java:32)
	at in.docsapp.workflow.ServiceLib.createCaseOps(ServiceLib.java:386)
	at in.docsapp.workflow.ServiceLib.addCaseFlow(ServiceLib.java:514)
	at in.docsapp.tests.MaxLifeCaseTest.createDiagnoseVerifyMaxLifeCase(MaxLifeCaseTest.java:48)
	at sun.reflect.NativeMethodAccessorImpl.invoke0(Native Method)
	at sun.reflect.NativeMethodAccessorImpl.invoke(NativeMethodAccessorImpl.java:62)
	at sun.reflect.DelegatingMethodAccessorImpl.invoke(DelegatingMethodAccessorImpl.java:43)
	at java.lang.reflect.Method.invoke(Method.java:497)
	at org.testng.internal.MethodInvocationHelper.invokeMethod(MethodInvocationHelper.java:108)
	at org.testng.internal.Invoker.invokeMethod(Invoker.java:661)
	at org.testng.internal.Invoker.invokeTestMethod(Invoker.java:869)
	at org.testng.internal.Invoker.invokeTestMethods(Invoker.java:1193)
	at org.testng.internal.TestMethodWorker.invokeTestMethods(TestMethodWorker.java:126)
	at org.testng.internal.TestMethodWorker.run(TestMethodWorker.java:109)
	at org.testng.TestRunner.privateRun(TestRunner.java:744)
	at org.testng.TestRunner.run(TestRunner.java:602)
	at org.testng.SuiteRunner.runTest(SuiteRunner.java:380)
	at org.testng.SuiteRunner.runSequentially(SuiteRunner.java:375)
	at org.testng.SuiteRunner.privateRun(SuiteRunner.java:340)
	at org.testng.SuiteRunner.run(SuiteRunner.java:289)
	at org.testng.SuiteRunnerWorker.runSuite(SuiteRunnerWorker.java:52)
	at org.testng.SuiteRunnerWorker.run(SuiteRunnerWorker.java:86)
	at org.testng.TestNG.runSuitesSequentially(TestNG.java:1301)
	at org.testng.TestNG.runSuitesLocally(TestNG.java:1226)
	at org.testng.TestNG.runSuites(TestNG.java:1144)
	at org.testng.TestNG.run(TestNG.java:1115)
	at org.testng.remote.AbstractRemoteTestNG.run(AbstractRemoteTestNG.java:114)
	at org.testng.remote.RemoteTestNG.initAndRun(RemoteTestNG.java:251)
	at org.testng.remote.RemoteTestNG.main(RemoteTestNG.java:77)
]]>
            </full-stacktrace>
          </exception> <!-- org.openqa.selenium.TimeoutException -->
          <reporter-output>
          </reporter-output>
        </test-method> <!-- createDiagnoseVerifyMaxLifeCase -->
        <test-method status="PASS" signature="endtest(org.testng.ITestResult)[pri:0, instance:in.docsapp.tests.MaxLifeCaseTest@5442a311]" name="endtest" is-config="true" duration-ms="189" started-at="2018-03-05T21:11:25Z" finished-at="2018-03-05T21:11:25Z">
          <params>
            <param index="0">
              <value>
                <![CDATA[[TestResult name=createDiagnoseVerifyMaxLifeCase status=FAILURE method=MaxLifeCaseTest.createDiagnoseVerifyMaxLifeCase()[pri:0, instance:in.docsapp.tests.MaxLifeCaseTest@5442a311] output={null}]]]>
              </value>
            </param>
          </params>
          <reporter-output>
          </reporter-output>
        </test-method> <!-- endtest -->
        <test-method status="PASS" signature="exitApplication()[pri:0, instance:in.docsapp.tests.MaxLifeCaseTest@5442a311]" name="exitApplication" is-config="true" duration-ms="109" started-at="2018-03-05T21:11:25Z" finished-at="2018-03-05T21:11:25Z">
          <reporter-output>
          </reporter-output>
        </test-method> <!-- exitApplication -->
        <test-method status="PASS" signature="closeExtentReport()[pri:0, instance:in.docsapp.tests.MaxLifeCaseTest@5442a311]" name="closeExtentReport" is-config="true" duration-ms="26" started-at="2018-03-05T21:11:25Z" finished-at="2018-03-05T21:11:25Z">
          <reporter-output>
          </reporter-output>
        </test-method> <!-- closeExtentReport -->
      </class> <!-- in.docsapp.tests.MaxLifeCaseTest -->
    </test> <!-- Demo_Test -->
  </suite> <!-- Demo_Suite -->
</testng-results>
