<?xml version="1.0" encoding="UTF-8"?>
<testng-results skipped="0" failed="1" ignored="0" total="1" passed="0">
  <reporter-output>
  </reporter-output>
  <suite name="Demo_Suite" duration-ms="61878" started-at="2018-03-05T19:50:25Z" finished-at="2018-03-05T19:51:27Z">
    <groups>
    </groups>
    <test name="Demo_Test" duration-ms="61878" started-at="2018-03-05T19:50:25Z" finished-at="2018-03-05T19:51:27Z">
      <class name="in.docsapp.tests.MaxLifeCaseTest">
        <test-method status="PASS" signature="CreateExtentReport()[pri:0, instance:in.docsapp.tests.MaxLifeCaseTest@17cd7a0]" name="CreateExtentReport" is-config="true" duration-ms="38" started-at="2018-03-06T01:20:25Z" finished-at="2018-03-06T01:20:25Z">
          <reporter-output>
          </reporter-output>
        </test-method> <!-- CreateExtentReport -->
        <test-method status="PASS" signature="launchApplication(java.lang.String)[pri:0, instance:in.docsapp.tests.MaxLifeCaseTest@17cd7a0]" name="launchApplication" is-config="true" duration-ms="28502" started-at="2018-03-06T01:20:25Z" finished-at="2018-03-06T01:20:53Z">
          <params>
            <param index="0">
              <value>
                <![CDATA[firefox]]>
              </value>
            </param>
          </params>
          <reporter-output>
          </reporter-output>
        </test-method> <!-- launchApplication -->
        <test-method status="PASS" signature="getTestDetails(java.lang.reflect.Method)[pri:0, instance:in.docsapp.tests.MaxLifeCaseTest@17cd7a0]" name="getTestDetails" is-config="true" duration-ms="5" started-at="2018-03-06T01:20:53Z" finished-at="2018-03-06T01:20:53Z">
          <params>
            <param index="0">
              <value>
                <![CDATA[public void in.docsapp.tests.MaxLifeCaseTest.createDiagnoseVerifyMaxLifeCase()]]>
              </value>
            </param>
          </params>
          <reporter-output>
          </reporter-output>
        </test-method> <!-- getTestDetails -->
        <test-method status="FAIL" signature="createDiagnoseVerifyMaxLifeCase()[pri:0, instance:in.docsapp.tests.MaxLifeCaseTest@17cd7a0]" name="createDiagnoseVerifyMaxLifeCase" duration-ms="32818" started-at="2018-03-06T01:20:53Z" finished-at="2018-03-06T01:21:26Z">
          <exception class="java.lang.AssertionError">
            <message>
              <![CDATA[Element is not displayed expected [false] but found [true]]]>
            </message>
            <full-stacktrace>
              <![CDATA[java.lang.AssertionError: Element is not displayed expected [false] but found [true]
	at org.testng.Assert.fail(Assert.java:93)
	at org.testng.Assert.failNotEquals(Assert.java:512)
	at org.testng.Assert.assertFalse(Assert.java:62)
	at in.docsapp.generics.Assertion.elementNotDisplayed(Assertion.java:33)
	at in.docsapp.workflow.ServiceLib.createCaseOps(ServiceLib.java:397)
	at in.docsapp.workflow.ServiceLib.addCaseFlow(ServiceLib.java:515)
	at in.docsapp.tests.MaxLifeCaseTest.createDiagnoseVerifyMaxLifeCase(MaxLifeCaseTest.java:48)
	at sun.reflect.NativeMethodAccessorImpl.invoke0(Native Method)
	at sun.reflect.NativeMethodAccessorImpl.invoke(NativeMethodAccessorImpl.java:62)
	at sun.reflect.DelegatingMethodAccessorImpl.invoke(DelegatingMethodAccessorImpl.java:43)
	at java.lang.reflect.Method.invoke(Method.java:498)
	at org.testng.internal.MethodInvocationHelper.invokeMethod(MethodInvocationHelper.java:108)
	at org.testng.internal.Invoker.invokeMethod(Invoker.java:661)
	at org.testng.internal.Invoker.invokeTestMethod(Invoker.java:869)
	at org.testng.internal.Invoker.invokeTestMethods(Invoker.java:1193)
	at org.testng.internal.TestMethodWorker.invokeTestMethods(TestMethodWorker.java:126)
	at org.testng.internal.TestMethodWorker.run(TestMethodWorker.java:109)
	at org.testng.TestRunner.privateRun(TestRunner.java:744)
	at org.testng.TestRunner.run(TestRunner.java:602)
	at org.testng.SuiteRunner.runTest(SuiteRunner.java:380)
	at org.testng.SuiteRunner.runSequentially(SuiteRunner.java:375)
	at org.testng.SuiteRunner.privateRun(SuiteRunner.java:340)
	at org.testng.SuiteRunner.run(SuiteRunner.java:289)
	at org.testng.SuiteRunnerWorker.runSuite(SuiteRunnerWorker.java:52)
	at org.testng.SuiteRunnerWorker.run(SuiteRunnerWorker.java:86)
	at org.testng.TestNG.runSuitesSequentially(TestNG.java:1301)
	at org.testng.TestNG.runSuitesLocally(TestNG.java:1226)
	at org.testng.TestNG.runSuites(TestNG.java:1144)
	at org.testng.TestNG.run(TestNG.java:1115)
	at org.testng.remote.AbstractRemoteTestNG.run(AbstractRemoteTestNG.java:114)
	at org.testng.remote.RemoteTestNG.initAndRun(RemoteTestNG.java:251)
	at org.testng.remote.RemoteTestNG.main(RemoteTestNG.java:77)
]]>
            </full-stacktrace>
          </exception> <!-- java.lang.AssertionError -->
          <reporter-output>
          </reporter-output>
        </test-method> <!-- createDiagnoseVerifyMaxLifeCase -->
        <test-method status="PASS" signature="endtest(org.testng.ITestResult)[pri:0, instance:in.docsapp.tests.MaxLifeCaseTest@17cd7a0]" name="endtest" is-config="true" duration-ms="325" started-at="2018-03-06T01:21:26Z" finished-at="2018-03-06T01:21:26Z">
          <params>
            <param index="0">
              <value>
                <![CDATA[[TestResult name=createDiagnoseVerifyMaxLifeCase status=FAILURE method=MaxLifeCaseTest.createDiagnoseVerifyMaxLifeCase()[pri:0, instance:in.docsapp.tests.MaxLifeCaseTest@17cd7a0] output={null}]]]>
              </value>
            </param>
          </params>
          <reporter-output>
          </reporter-output>
        </test-method> <!-- endtest -->
        <test-method status="PASS" signature="exitApplication()[pri:0, instance:in.docsapp.tests.MaxLifeCaseTest@17cd7a0]" name="exitApplication" is-config="true" duration-ms="202" started-at="2018-03-06T01:21:26Z" finished-at="2018-03-06T01:21:27Z">
          <reporter-output>
          </reporter-output>
        </test-method> <!-- exitApplication -->
        <test-method status="PASS" signature="closeExtentReport()[pri:0, instance:in.docsapp.tests.MaxLifeCaseTest@17cd7a0]" name="closeExtentReport" is-config="true" duration-ms="57" started-at="2018-03-06T01:21:27Z" finished-at="2018-03-06T01:21:27Z">
          <reporter-output>
          </reporter-output>
        </test-method> <!-- closeExtentReport -->
      </class> <!-- in.docsapp.tests.MaxLifeCaseTest -->
    </test> <!-- Demo_Test -->
  </suite> <!-- Demo_Suite -->
</testng-results>
